<?xml version="1.0" encoding="UTF-8"?>
<!-- Generated by org.testng.reporters.JUnitXMLReporter -->
<testsuite hostname="maya-home" ignored="0" name="Default test" tests="3" failures="0" timestamp="05 Apr 2017 11:58:40 GMT" time="0.118" errors="0">
  <testcase name="doLoginTest" time="0.025" classname="tesstcases.LoginTest"/>
  <testcase name="doLoginTest" time="0.003" classname="tesstcases.LoginTest"/>
  <testcase name="doLoginTest" time="0.004" classname="tesstcases.LoginTest"/>
</testsuite> <!-- Default test -->
